Arguments: 
  /usr/local/bin/node /usr/local/bin/yarn cz

PATH: 
  /usr/local/bin:/usr/bin:/bin:/usr/sbin:/sbin:/usr/local/go/bin

Yarn version: 
  1.3.2

Node version: 
  8.9.1

Platform: 
  darwin x64

npm manifest: 
  {
    "name": "jimi-web-changelog",
    "version": "0.0.6",
    "author": "Feax",
    "description": "changelog",
    "main": "dist/index.js",
    "module": "es/index.js",
    "files": [
      "dist",
      "lib"
    ],
    "scripts": {
      "cz": "git add . && git cz",
      "log": "conventional-changelog --config lib/log -i CHANGELOG.md -s -r 0",
      "build": "cross-env babel lib --out-dir dist",
      "v": "standard-version -r patch"
    },
    "keywords": [
      "changelog",
      "git"
    ],
    "config": {
      "commitizen": {
        "path": "./dist/cz"
      }
    },
    "husky": {
      "hooks": {
        "pre-commit": "lint-staged",
      }
    },
    "lint-staged": {
      "*.js": [
        "eslint --fix",
        "git add"
      ]
    },
    "devDependencies": {
      "babel-cli": "^6.26.0",
      "babel-plugin-transform-runtime": "^6.23.0",
      "babel-preset-es2015": "^6.24.1",
      "commitizen": "^3.0.5",
      "commitlint": "^7.3.1",
      "compare-func": "^1.3.2",
      "conventional-changelog-cli": "^2.0.11",
      "cross-env": "^5.2.0",
      "eslint": "^5.12.0",
      "eslint-config-airbnb": "^17.1.0",
      "eslint-plugin-import": "^2.14.0",
      "eslint-plugin-jsx-a11y": "^6.1.2",
      "eslint-plugin-react": "^7.12.3",
      "github-url-from-git": "^1.5.0",
      "husky": "^1.3.1",
      "jimi-web-changelog": "^0.0.3",
      "lint-staged": "^8.1.0",
      "longest": "^2.0.1",
      "q": "^1.5.1",
      "right-pad": "^1.0.1",
      "standard-version": "^4.4.0",
      "work-wrap": "^1.0.0"
    },
    "license": "ISC"
  }

yarn manifest: 
  No manifest

Lockfile: 
  No lockfile

Trace: 
  SyntaxError: /Users/mac/Desktop/workspace/learning/npm/jimi-web-changelog/package.json: Unexpected token } in JSON at position 605
      at JSON.parse (<anonymous>)
      at /usr/local/lib/node_modules/yarn/lib/cli.js:770:59
      at Generator.next (<anonymous>)
      at step (/usr/local/lib/node_modules/yarn/lib/cli.js:92:30)
      at /usr/local/lib/node_modules/yarn/lib/cli.js:103:13
      at <anonymous>
